
/root/float/.worktrees/refactor-upgrade/app/(tabs)/explore.tsx
   50:5   warning  Unexpected console statement                                                                                                                                                      no-console
   83:6   warning  React Hook useEffect has missing dependencies: 'incidentList', 'musicList', 'selectedIndexes', 'setMusicList', and 'user.id'. Either include them or remove the dependency array  react-hooks/exhaustive-deps
   99:7   error    Move function declaration to function body root                                                                                                                                   no-inner-declarations
  101:9   warning  Unexpected console statement                                                                                                                                                      no-console
  107:6   warning  React Hook useEffect has missing dependencies: 'incidentList' and 'setIncidentList'. Either include them or remove the dependency array                                           react-hooks/exhaustive-deps
  107:29  error    Unnecessary semicolon                                                                                                                                                             no-extra-semi

/root/float/.worktrees/refactor-upgrade/app/(tabs)/index.tsx
   74:11  warning  Unexpected console statement                                                                                               no-console
   92:11  warning  Unexpected console statement                                                                                               no-console
  109:6   warning  React Hook useEffect has missing dependencies: 'router' and 'user.id'. Either include them or remove the dependency array  react-hooks/exhaustive-deps

/root/float/.worktrees/refactor-upgrade/app/+not-found.tsx
  12:51  error  `'` can be escaped with `&apos;`, `&lsquo;`, `&#39;`, `&rsquo;`  react/no-unescaped-entities

/root/float/.worktrees/refactor-upgrade/app/_layout.tsx
  16:16  error  A `require()` style import is forbidden  @typescript-eslint/no-require-imports
  17:11  error  A `require()` style import is forbidden  @typescript-eslint/no-require-imports

/root/float/.worktrees/refactor-upgrade/components/AudioRecording.tsx
  18:5  warning  Unexpected console statement  no-console

/root/float/.worktrees/refactor-upgrade/components/AuthScreen.tsx
   25:9   error    'scopes' is assigned a value but never used                                                                                                                                                                                                        @typescript-eslint/no-unused-vars
   34:9   warning  Unexpected console statement                                                                                                                                                                                                                       no-console
   37:9   warning  Unexpected console statement                                                                                                                                                                                                                       no-console
   56:9   warning  Unexpected console statement                                                                                                                                                                                                                       no-console
   76:6   warning  React Hook useEffect has a missing dependency: 'setUser'. Either include it or remove the dependency array                                                                                                                                         react-hooks/exhaustive-deps
  160:35  error    React Hook "useState" is called in function "customAuth" that is neither a React function component nor a custom React Hook function. React component names must start with an uppercase letter. React Hook names must start with the word "use"   react-hooks/rules-of-hooks
  162:3   error    React Hook "useEffect" is called in function "customAuth" that is neither a React function component nor a custom React Hook function. React component names must start with an uppercase letter. React Hook names must start with the word "use"  react-hooks/rules-of-hooks

/root/float/.worktrees/refactor-upgrade/components/BackendMeditationCall.tsx
    5:35  warning  Unexpected any. Specify a different type  @typescript-eslint/no-explicit-any
   14:20  warning  Unexpected any. Specify a different type  @typescript-eslint/no-explicit-any
   33:22  warning  Unexpected any. Specify a different type  @typescript-eslint/no-explicit-any
   34:14  warning  Unexpected any. Specify a different type  @typescript-eslint/no-explicit-any
   35:9   warning  Unexpected any. Specify a different type  @typescript-eslint/no-explicit-any
   85:5   warning  Unexpected console statement              no-console
  116:7   warning  Unexpected console statement              no-console
  120:7   warning  Unexpected console statement              no-console
  124:7   warning  Unexpected console statement              no-console

/root/float/.worktrees/refactor-upgrade/components/BackendSummaryCall.tsx
   7:17  warning  Unexpected any. Specify a different type  @typescript-eslint/no-explicit-any
  29:3   warning  Unexpected console statement              no-console
  31:5   warning  Unexpected console statement              no-console
  48:5   warning  Unexpected console statement              no-console
  49:5   warning  Unexpected console statement              no-console
  60:7   warning  Unexpected console statement              no-console
  84:5   warning  Unexpected console statement              no-console

/root/float/.worktrees/refactor-upgrade/components/Collapsible.tsx
  2:29  error  'useState' is defined but never used  @typescript-eslint/no-unused-vars

/root/float/.worktrees/refactor-upgrade/components/IncidentColoring.tsx
  36:19  error    'index' is assigned a value but never used                                                                                                                                          @typescript-eslint/no-unused-vars
  72:6   warning  React Hook useEffect has missing dependencies: 'getColorForIncident', 'intensityTotalTimes', and 'setColorChangeArrayOfArrays'. Either include them or remove the dependency array  react-hooks/exhaustive-deps

/root/float/.worktrees/refactor-upgrade/components/LocalFileLoadAndSave.tsx
  17:11  warning  Unexpected console statement                                                                                                             no-console
  25:11  warning  Unexpected console statement                                                                                                             no-console
  34:6   warning  React Hook useEffect has missing dependencies: 'setIncidentList' and 'setMusicList'. Either include them or remove the dependency array  react-hooks/exhaustive-deps
  43:9   warning  Unexpected console statement                                                                                                             no-console
  56:9   warning  Unexpected console statement                                                                                                             no-console
  63:6   warning  React Hook useEffect has a missing dependency: 'incidentList'. Either include it or remove the dependency array                          react-hooks/exhaustive-deps

/root/float/.worktrees/refactor-upgrade/components/Notifications.tsx
   8:10  error    'expoPushToken' is assigned a value but never used                                                                                                                                           @typescript-eslint/no-unused-vars
   9:10  error    'notification' is assigned a value but never used                                                                                                                                            @typescript-eslint/no-unused-vars
  14:3   error    React Hook "useEffect" is called conditionally. React Hooks must be called in the exact same order in every component render. Did you accidentally call a React Hook after an early return?  react-hooks/rules-of-hooks
  22:7   warning  Unexpected console statement                                                                                                                                                                 no-console
  57:3   error    'token' is never reassigned. Use 'const' instead                                                                                                                                             prefer-const
  58:3   warning  Unexpected console statement                                                                                                                                                                 no-console

/root/float/.worktrees/refactor-upgrade/components/ParallaxScrollView.tsx
  30:9  error  'windowWidth' is assigned a value but never used  @typescript-eslint/no-unused-vars

/root/float/.worktrees/refactor-upgrade/components/ScreenComponents/IncidentItem.tsx
   2:31  error    'Platform' is defined but never used                                                                                                                                                                                                                                                                                                                                                                                                                                                                                                                                                                                                                                                                                                                                                                           @typescript-eslint/no-unused-vars
  18:21  error    Error: Cannot access refs during render

React refs are values that are not needed for rendering. Refs should only be accessed outside of render, such as in event handlers or effects. Accessing a ref value (the `current` property) during render can cause your component not to update as expected (https://react.dev/reference/react/useRef).

/root/float/.worktrees/refactor-upgrade/components/ScreenComponents/IncidentItem.tsx:18:21
  16 |   const styles = useStyles();
  17 |   const [colors, setColors] = useState(['#fff', '#fff']);
> 18 |   const colorAnim = useRef(new Animated.Value(0)).current;
     |                     ^^^^^^^^^^^^^^^^^^^^^^^^^^^^^^^^^^^^^ Cannot access ref value during render
  19 |   const colorChangeDuration = 500;
  20 |   
  21 |   useEffect(() => {  react-hooks/refs
  18:21  error    Error: Cannot access refs during render

React refs are values that are not needed for rendering. Refs should only be accessed outside of render, such as in event handlers or effects. Accessing a ref value (the `current` property) during render can cause your component not to update as expected (https://react.dev/reference/react/useRef).

/root/float/.worktrees/refactor-upgrade/components/ScreenComponents/IncidentItem.tsx:18:21
  16 |   const styles = useStyles();
  17 |   const [colors, setColors] = useState(['#fff', '#fff']);
> 18 |   const colorAnim = useRef(new Animated.Value(0)).current;
     |                     ^^^^^^^^^^^^^^^^^^^^^^^^^^^^^^^^^^^^^ Cannot access ref value during render
  19 |   const colorChangeDuration = 500;
  20 |   
  21 |   useEffect(() => {  react-hooks/refs
  26:3   warning  Unexpected console statement                                                                                                                                                                                                                                                                                                                                                                                                                                                                                                                                                                                                                                                                                                                                                                                   no-console
  65:27  error    Error: Cannot access refs during render

React refs are values that are not needed for rendering. Refs should only be accessed outside of render, such as in event handlers or effects. Accessing a ref value (the `current` property) during render can cause your component not to update as expected (https://react.dev/reference/react/useRef).

/root/float/.worktrees/refactor-upgrade/components/ScreenComponents/IncidentItem.tsx:65:27
  63 |   }, [colorAnim, colors, isSwiping]);
  64 |
> 65 |   const backgroundColor = colorAnim.interpolate({
     |                           ^^^^^^^^^ Passing a ref to a function may read its value during render
  66 |     inputRange: colors.map((_, i) => i),
  67 |     outputRange: colors,
  68 |   });                                              react-hooks/refs
  65:27  error    Error: Cannot access refs during render

React refs are values that are not needed for rendering. Refs should only be accessed outside of render, such as in event handlers or effects. Accessing a ref value (the `current` property) during render can cause your component not to update as expected (https://react.dev/reference/react/useRef).

/root/float/.worktrees/refactor-upgrade/components/ScreenComponents/IncidentItem.tsx:65:27
  63 |   }, [colorAnim, colors, isSwiping]);
  64 |
> 65 |   const backgroundColor = colorAnim.interpolate({
     |                           ^^^^^^^^^^^^^^^^^^^^^ Passing a ref to a function may read its value during render
  66 |     inputRange: colors.map((_, i) => i),
  67 |     outputRange: colors,
  68 |   });                                  react-hooks/refs
  71:5   warning  Unexpected console statement                                                                                                                                                                                                                                                                                                                                                                                                                                                                                                                                                                                                                                                                                                                                                                                   no-console

/root/float/.worktrees/refactor-upgrade/components/ScreenComponents/MeditationControls.tsx
  34:11  warning  Unexpected console statement  no-console
  38:11  warning  Unexpected console statement  no-console
  45:13  warning  Unexpected console statement  no-console
  53:9   warning  Unexpected console statement  no-console

/root/float/.worktrees/refactor-upgrade/components/ScreenComponents/RecordButton.tsx
  2:21  error  'View' is defined but never used  @typescript-eslint/no-unused-vars

/root/float/.worktrees/refactor-upgrade/components/history.tsx
   3:20  error    'Text' is defined but never used                                                                                                                                                                                                                                                                                                                                                                                                                                                                                                                                                                                                                                                                                                                                                                                                                                                                                                                                                                                                                                                                                                                                                                                                                                                                                                                                                                                                                                                                                                                                                                                      @typescript-eslint/no-unused-vars
   4:17  error    'useState' is defined but never used                                                                                                                                                                                                                                                                                                                                                                                                                                                                                                                                                                                                                                                                                                                                                                                                                                                                                                                                                                                                                                                                                                                                                                                                                                                                                                                                                                                                                                                                                                                                                                                  @typescript-eslint/no-unused-vars
  14:11  error    'width' is assigned a value but never used                                                                                                                                                                                                                                                                                                                                                                                                                                                                                                                                                                                                                                                                                                                                                                                                                                                                                                                                                                                                                                                                                                                                                                                                                                                                                                                                                                                                                                                                                                                                                                            @typescript-eslint/no-unused-vars
  14:18  error    'height' is assigned a value but never used                                                                                                                                                                                                                                                                                                                                                                                                                                                                                                                                                                                                                                                                                                                                                                                                                                                                                                                                                                                                                                                                                                                                                                                                                                                                                                                                                                                                                                                                                                                                                                           @typescript-eslint/no-unused-vars
  21:27  error    Error: Cannot access variable before it is declared

`fetchArchivedItemsFromAPI` is accessed before it is declared, which prevents the earlier access from updating when this value changes over time.

/root/float/.worktrees/refactor-upgrade/components/history.tsx:21:27
  19 |     const fetchArchivedItems = async () => {
  20 |       // Replace with actual fetch logic
> 21 |       const items = await fetchArchivedItemsFromAPI();
     |                           ^^^^^^^^^^^^^^^^^^^^^^^^^ `fetchArchivedItemsFromAPI` accessed before it is declared
  22 |       setArchivedItems(items);
  23 |     };
  24 |

/root/float/.worktrees/refactor-upgrade/components/history.tsx:28:3
  26 |   }, []);
  27 |
> 28 |   const fetchArchivedItemsFromAPI = async () => {
     |   ^^^^^^^^^^^^^^^^^^^^^^^^^^^^^^^^^^^^^^^^^^^^^^^
> 29 |     // Mock data, replace with actual API call
     | ^^^^^^^^^^^^^^^^^^^^^^^^^^^^^^^^^^^^^^^^^^^^^^
> 30 |     return [
     | ^^^^^^^^^^^^^^^^^^^^^^^^^^^^^^^^^^^^^^^^^^^^^^
> 31 |       { id: '1', title: 'Archived Item 1' },
     | ^^^^^^^^^^^^^^^^^^^^^^^^^^^^^^^^^^^^^^^^^^^^^^
> 32 |       { id: '2', title: 'Archived Item 2' },
     | ^^^^^^^^^^^^^^^^^^^^^^^^^^^^^^^^^^^^^^^^^^^^^^
> 33 |       { id: '3', title: 'Archived Item 3' },
     | ^^^^^^^^^^^^^^^^^^^^^^^^^^^^^^^^^^^^^^^^^^^^^^
> 34 |     ];
     | ^^^^^^^^^^^^^^^^^^^^^^^^^^^^^^^^^^^^^^^^^^^^^^
> 35 |   };
     | ^^^^^ `fetchArchivedItemsFromAPI` is declared here
  36 |
  37 |   const renderItem = ({ item }) => (
  38 |     <ThemedView style={styles.itemContainer}>  react-hooks/immutability
  26:6   warning  React Hook useEffect has a missing dependency: 'setArchivedItems'. Either include it or remove the dependency array                                                                                                                                                                                                                                                                                                                                                                                                                                                                                                                                                                                                                                                                                                                                                                                                                                                                                                                                                                                                                                                                                                                                                                                                                                                                                                                                                                                                                                                                                                   react-hooks/exhaustive-deps

✖ 70 problems (26 errors, 44 warnings)
  1 error and 0 warnings potentially fixable with the `--fix` option.

